mode: set
github.com/pulumi/pulumi-docker/provider/v4/internal/deprecated/configencoding.go:34.47,36.2 1 1
github.com/pulumi/pulumi-docker/provider/v4/internal/deprecated/configencoding.go:38.65,40.9 2 1
github.com/pulumi/pulumi-docker/provider/v4/internal/deprecated/configencoding.go:40.9,42.3 1 1
github.com/pulumi/pulumi-docker/provider/v4/internal/deprecated/configencoding.go:43.2,44.9 2 1
github.com/pulumi/pulumi-docker/provider/v4/internal/deprecated/configencoding.go:44.9,46.3 1 1
github.com/pulumi/pulumi-docker/provider/v4/internal/deprecated/configencoding.go:47.2,48.9 2 1
github.com/pulumi/pulumi-docker/provider/v4/internal/deprecated/configencoding.go:48.9,50.3 1 0
github.com/pulumi/pulumi-docker/provider/v4/internal/deprecated/configencoding.go:51.2,51.46 1 1
github.com/pulumi/pulumi-docker/provider/v4/internal/deprecated/configencoding.go:51.46,53.3 1 0
github.com/pulumi/pulumi-docker/provider/v4/internal/deprecated/configencoding.go:54.2,55.18 2 1
github.com/pulumi/pulumi-docker/provider/v4/internal/deprecated/configencoding.go:60.3,62.27 1 1
github.com/pulumi/pulumi-docker/provider/v4/internal/deprecated/configencoding.go:62.27,64.3 1 1
github.com/pulumi/pulumi-docker/provider/v4/internal/deprecated/configencoding.go:68.2,68.13 1 1
github.com/pulumi/pulumi-docker/provider/v4/internal/deprecated/configencoding.go:68.13,70.3 1 1
github.com/pulumi/pulumi-docker/provider/v4/internal/deprecated/configencoding.go:72.2,73.62 2 1
github.com/pulumi/pulumi-docker/provider/v4/internal/deprecated/configencoding.go:73.62,75.3 1 0
github.com/pulumi/pulumi-docker/provider/v4/internal/deprecated/configencoding.go:77.2,81.59 3 1
github.com/pulumi/pulumi-docker/provider/v4/internal/deprecated/configencoding.go:81.59,83.16 2 1
github.com/pulumi/pulumi-docker/provider/v4/internal/deprecated/configencoding.go:83.16,85.4 1 1
github.com/pulumi/pulumi-docker/provider/v4/internal/deprecated/configencoding.go:87.3,88.23 2 1
github.com/pulumi/pulumi-docker/provider/v4/internal/deprecated/configencoding.go:88.23,90.4 1 0
github.com/pulumi/pulumi-docker/provider/v4/internal/deprecated/configencoding.go:92.3,92.17 1 1
github.com/pulumi/pulumi-docker/provider/v4/internal/deprecated/configencoding.go:95.2,95.66 1 1
github.com/pulumi/pulumi-docker/provider/v4/internal/deprecated/configencoding.go:98.69,99.13 1 1
github.com/pulumi/pulumi-docker/provider/v4/internal/deprecated/configencoding.go:100.17,101.42 1 1
github.com/pulumi/pulumi-docker/provider/v4/internal/deprecated/configencoding.go:102.27,103.38 1 1
github.com/pulumi/pulumi-docker/provider/v4/internal/deprecated/configencoding.go:104.15,105.52 1 1
github.com/pulumi/pulumi-docker/provider/v4/internal/deprecated/configencoding.go:106.10,107.61 1 1
github.com/pulumi/pulumi-docker/provider/v4/internal/deprecated/configencoding.go:111.66,118.2 1 1
github.com/pulumi/pulumi-docker/provider/v4/internal/deprecated/configencoding.go:123.36,127.16 3 1
github.com/pulumi/pulumi-docker/provider/v4/internal/deprecated/configencoding.go:127.16,129.3 1 0
github.com/pulumi/pulumi-docker/provider/v4/internal/deprecated/configencoding.go:131.2,134.9 2 1
github.com/pulumi/pulumi-docker/provider/v4/internal/deprecated/configencoding.go:134.9,136.3 1 0
github.com/pulumi/pulumi-docker/provider/v4/internal/deprecated/configencoding.go:138.2,141.19 3 1
github.com/pulumi/pulumi-docker/provider/v4/internal/deprecated/configencoding.go:141.19,144.3 2 1
github.com/pulumi/pulumi-docker/provider/v4/internal/deprecated/configencoding.go:146.2,146.78 1 1
github.com/pulumi/pulumi-docker/provider/v4/internal/deprecated/configencoding.go:146.78,150.3 3 0
github.com/pulumi/pulumi-docker/provider/v4/internal/deprecated/configencoding.go:152.2,152.24 1 1
github.com/pulumi/pulumi-docker/provider/v4/internal/deprecated/configencoding.go:152.24,154.17 2 1
github.com/pulumi/pulumi-docker/provider/v4/internal/deprecated/configencoding.go:154.17,156.4 1 0
github.com/pulumi/pulumi-docker/provider/v4/internal/deprecated/configencoding.go:157.3,157.23 1 1
github.com/pulumi/pulumi-docker/provider/v4/internal/deprecated/configencoding.go:157.23,160.4 2 0
github.com/pulumi/pulumi-docker/provider/v4/internal/deprecated/configencoding.go:161.3,161.17 1 1
github.com/pulumi/pulumi-docker/provider/v4/internal/deprecated/configencoding.go:166.2,166.21 1 1
github.com/pulumi/pulumi-docker/provider/v4/internal/deprecated/configencoding.go:166.21,168.46 2 1
github.com/pulumi/pulumi-docker/provider/v4/internal/deprecated/configencoding.go:168.46,171.4 2 1
github.com/pulumi/pulumi-docker/provider/v4/internal/deprecated/configencoding.go:174.2,174.16 1 0
github.com/pulumi/pulumi-docker/provider/v4/internal/deprecated/configencoding.go:178.102,185.18 4 0
github.com/pulumi/pulumi-docker/provider/v4/internal/deprecated/configencoding.go:185.18,186.31 1 0
github.com/pulumi/pulumi-docker/provider/v4/internal/deprecated/configencoding.go:186.31,188.4 1 0
github.com/pulumi/pulumi-docker/provider/v4/internal/deprecated/configencoding.go:189.3,189.21 1 0
github.com/pulumi/pulumi-docker/provider/v4/internal/deprecated/configencoding.go:193.2,193.27 1 0
github.com/pulumi/pulumi-docker/provider/v4/internal/deprecated/configencoding.go:193.27,196.17 3 0
github.com/pulumi/pulumi-docker/provider/v4/internal/deprecated/configencoding.go:196.17,198.4 1 0
github.com/pulumi/pulumi-docker/provider/v4/internal/deprecated/configencoding.go:198.9,198.22 1 0
github.com/pulumi/pulumi-docker/provider/v4/internal/deprecated/configencoding.go:198.22,199.36 1 0
github.com/pulumi/pulumi-docker/provider/v4/internal/deprecated/configencoding.go:199.36,200.13 1 0
github.com/pulumi/pulumi-docker/provider/v4/internal/deprecated/configencoding.go:202.4,202.67 1 0
github.com/pulumi/pulumi-docker/provider/v4/internal/deprecated/configencoding.go:202.67,203.13 1 0
github.com/pulumi/pulumi-docker/provider/v4/internal/deprecated/configencoding.go:205.4,205.19 1 0
github.com/pulumi/pulumi-docker/provider/v4/internal/deprecated/configencoding.go:209.2,209.20 1 0
github.com/pulumi/pulumi-docker/provider/v4/internal/auth.go:11.53,15.2 3 1
github.com/pulumi/pulumi-docker/provider/v4/internal/builder.go:13.53,22.2 1 1
github.com/pulumi/pulumi-docker/provider/v4/internal/buildx.go:33.46,36.2 2 1
github.com/pulumi/pulumi-docker/provider/v4/internal/buildx.go:39.54,46.16 2 1
github.com/pulumi/pulumi-docker/provider/v4/internal/buildx.go:46.16,48.3 1 0
github.com/pulumi/pulumi-docker/provider/v4/internal/buildx.go:49.2,56.12 2 1
github.com/pulumi/pulumi-docker/provider/v4/internal/buildx.go:60.44,76.2 1 1
github.com/pulumi/pulumi-docker/provider/v4/internal/buildx.go:79.69,84.2 4 1
github.com/pulumi/pulumi-docker/provider/v4/internal/cache.go:39.42,40.14 1 1
github.com/pulumi/pulumi-docker/provider/v4/internal/cache.go:40.14,42.3 1 1
github.com/pulumi/pulumi-docker/provider/v4/internal/cache.go:43.2,44.17 2 1
github.com/pulumi/pulumi-docker/provider/v4/internal/cache.go:44.17,46.3 1 1
github.com/pulumi/pulumi-docker/provider/v4/internal/cache.go:47.2,47.20 1 1
github.com/pulumi/pulumi-docker/provider/v4/internal/cache.go:47.20,49.3 1 0
github.com/pulumi/pulumi-docker/provider/v4/internal/cache.go:50.2,50.33 1 1
github.com/pulumi/pulumi-docker/provider/v4/internal/cache.go:53.54,56.2 2 1
github.com/pulumi/pulumi-docker/provider/v4/internal/cache.go:62.57,64.2 1 1
github.com/pulumi/pulumi-docker/provider/v4/internal/cache.go:66.45,67.14 1 1
github.com/pulumi/pulumi-docker/provider/v4/internal/cache.go:67.14,69.3 1 1
github.com/pulumi/pulumi-docker/provider/v4/internal/cache.go:70.2,70.51 1 1
github.com/pulumi/pulumi-docker/provider/v4/internal/cache.go:78.52,92.2 4 1
github.com/pulumi/pulumi-docker/provider/v4/internal/cache.go:94.39,95.18 1 1
github.com/pulumi/pulumi-docker/provider/v4/internal/cache.go:95.18,97.3 1 1
github.com/pulumi/pulumi-docker/provider/v4/internal/cache.go:98.2,99.28 2 1
github.com/pulumi/pulumi-docker/provider/v4/internal/cache.go:99.28,101.3 1 1
github.com/pulumi/pulumi-docker/provider/v4/internal/cache.go:102.2,102.33 1 1
github.com/pulumi/pulumi-docker/provider/v4/internal/cache.go:111.62,138.2 6 1
github.com/pulumi/pulumi-docker/provider/v4/internal/cache.go:140.50,141.14 1 1
github.com/pulumi/pulumi-docker/provider/v4/internal/cache.go:141.14,143.3 1 1
github.com/pulumi/pulumi-docker/provider/v4/internal/cache.go:144.2,145.19 2 1
github.com/pulumi/pulumi-docker/provider/v4/internal/cache.go:145.19,147.3 1 0
github.com/pulumi/pulumi-docker/provider/v4/internal/cache.go:148.2,148.19 1 1
github.com/pulumi/pulumi-docker/provider/v4/internal/cache.go:148.19,150.3 1 0
github.com/pulumi/pulumi-docker/provider/v4/internal/cache.go:151.2,151.17 1 1
github.com/pulumi/pulumi-docker/provider/v4/internal/cache.go:151.17,153.3 1 0
github.com/pulumi/pulumi-docker/provider/v4/internal/cache.go:154.2,154.33 1 1
github.com/pulumi/pulumi-docker/provider/v4/internal/cache.go:163.46,164.14 1 1
github.com/pulumi/pulumi-docker/provider/v4/internal/cache.go:164.14,166.3 1 1
github.com/pulumi/pulumi-docker/provider/v4/internal/cache.go:167.2,168.18 2 1
github.com/pulumi/pulumi-docker/provider/v4/internal/cache.go:168.18,170.3 1 0
github.com/pulumi/pulumi-docker/provider/v4/internal/cache.go:171.2,171.24 1 1
github.com/pulumi/pulumi-docker/provider/v4/internal/cache.go:171.24,173.3 1 0
github.com/pulumi/pulumi-docker/provider/v4/internal/cache.go:174.2,174.29 1 1
github.com/pulumi/pulumi-docker/provider/v4/internal/cache.go:174.29,176.3 1 0
github.com/pulumi/pulumi-docker/provider/v4/internal/cache.go:177.2,177.33 1 1
github.com/pulumi/pulumi-docker/provider/v4/internal/cache.go:180.58,184.2 3 1
github.com/pulumi/pulumi-docker/provider/v4/internal/cache.go:193.44,194.14 1 1
github.com/pulumi/pulumi-docker/provider/v4/internal/cache.go:194.14,196.3 1 1
github.com/pulumi/pulumi-docker/provider/v4/internal/cache.go:197.2,197.77 1 1
github.com/pulumi/pulumi-docker/provider/v4/internal/cache.go:213.51,249.2 14 1
github.com/pulumi/pulumi-docker/provider/v4/internal/cache.go:251.39,252.14 1 1
github.com/pulumi/pulumi-docker/provider/v4/internal/cache.go:252.14,254.3 1 1
github.com/pulumi/pulumi-docker/provider/v4/internal/cache.go:255.2,256.20 2 1
github.com/pulumi/pulumi-docker/provider/v4/internal/cache.go:256.20,258.3 1 1
github.com/pulumi/pulumi-docker/provider/v4/internal/cache.go:259.2,259.18 1 1
github.com/pulumi/pulumi-docker/provider/v4/internal/cache.go:259.18,261.3 1 1
github.com/pulumi/pulumi-docker/provider/v4/internal/cache.go:262.2,262.25 1 1
github.com/pulumi/pulumi-docker/provider/v4/internal/cache.go:262.25,264.3 1 1
github.com/pulumi/pulumi-docker/provider/v4/internal/cache.go:265.2,265.25 1 1
github.com/pulumi/pulumi-docker/provider/v4/internal/cache.go:265.25,267.3 1 1
github.com/pulumi/pulumi-docker/provider/v4/internal/cache.go:268.2,268.29 1 1
github.com/pulumi/pulumi-docker/provider/v4/internal/cache.go:268.29,270.3 1 1
github.com/pulumi/pulumi-docker/provider/v4/internal/cache.go:271.2,271.27 1 1
github.com/pulumi/pulumi-docker/provider/v4/internal/cache.go:271.27,273.3 1 1
github.com/pulumi/pulumi-docker/provider/v4/internal/cache.go:274.2,274.25 1 1
github.com/pulumi/pulumi-docker/provider/v4/internal/cache.go:274.25,276.3 1 1
github.com/pulumi/pulumi-docker/provider/v4/internal/cache.go:277.2,277.29 1 1
github.com/pulumi/pulumi-docker/provider/v4/internal/cache.go:277.29,279.3 1 1
github.com/pulumi/pulumi-docker/provider/v4/internal/cache.go:280.2,280.26 1 1
github.com/pulumi/pulumi-docker/provider/v4/internal/cache.go:280.26,282.3 1 1
github.com/pulumi/pulumi-docker/provider/v4/internal/cache.go:284.2,284.33 1 1
github.com/pulumi/pulumi-docker/provider/v4/internal/cache.go:291.53,296.2 2 1
github.com/pulumi/pulumi-docker/provider/v4/internal/cache.go:298.40,299.18 1 1
github.com/pulumi/pulumi-docker/provider/v4/internal/cache.go:299.18,301.3 1 1
github.com/pulumi/pulumi-docker/provider/v4/internal/cache.go:302.2,302.39 1 1
github.com/pulumi/pulumi-docker/provider/v4/internal/cache.go:309.60,312.2 2 1
github.com/pulumi/pulumi-docker/provider/v4/internal/cache.go:314.47,315.26 1 1
github.com/pulumi/pulumi-docker/provider/v4/internal/cache.go:315.26,317.3 1 1
github.com/pulumi/pulumi-docker/provider/v4/internal/cache.go:318.2,318.55 1 1
github.com/pulumi/pulumi-docker/provider/v4/internal/cache.go:328.37,329.14 1 1
github.com/pulumi/pulumi-docker/provider/v4/internal/cache.go:329.14,331.3 1 1
github.com/pulumi/pulumi-docker/provider/v4/internal/cache.go:332.2,332.70 1 1
github.com/pulumi/pulumi-docker/provider/v4/internal/cache.go:337.30,339.2 1 1
github.com/pulumi/pulumi-docker/provider/v4/internal/cache.go:352.54,380.2 7 1
github.com/pulumi/pulumi-docker/provider/v4/internal/cache.go:382.41,383.16 1 1
github.com/pulumi/pulumi-docker/provider/v4/internal/cache.go:383.16,385.3 1 1
github.com/pulumi/pulumi-docker/provider/v4/internal/cache.go:386.2,386.64 1 1
github.com/pulumi/pulumi-docker/provider/v4/internal/cache.go:391.41,392.14 1 1
github.com/pulumi/pulumi-docker/provider/v4/internal/cache.go:392.14,394.3 1 1
github.com/pulumi/pulumi-docker/provider/v4/internal/cache.go:395.2,395.22 1 1
github.com/pulumi/pulumi-docker/provider/v4/internal/cache.go:406.52,410.2 1 1
github.com/pulumi/pulumi-docker/provider/v4/internal/cache.go:412.40,413.14 1 1
github.com/pulumi/pulumi-docker/provider/v4/internal/cache.go:413.14,415.3 1 1
github.com/pulumi/pulumi-docker/provider/v4/internal/cache.go:416.2,420.3 1 1
github.com/pulumi/pulumi-docker/provider/v4/internal/cache.go:432.43,433.14 1 1
github.com/pulumi/pulumi-docker/provider/v4/internal/cache.go:433.14,435.3 1 1
github.com/pulumi/pulumi-docker/provider/v4/internal/cache.go:436.2,442.3 1 1
github.com/pulumi/pulumi-docker/provider/v4/internal/cache.go:451.60,459.2 6 1
github.com/pulumi/pulumi-docker/provider/v4/internal/cache.go:461.47,462.29 1 1
github.com/pulumi/pulumi-docker/provider/v4/internal/cache.go:462.29,464.3 1 1
github.com/pulumi/pulumi-docker/provider/v4/internal/cache.go:465.2,466.25 2 1
github.com/pulumi/pulumi-docker/provider/v4/internal/cache.go:466.25,468.3 1 1
github.com/pulumi/pulumi-docker/provider/v4/internal/cache.go:469.2,469.28 1 1
github.com/pulumi/pulumi-docker/provider/v4/internal/cache.go:469.28,471.14 2 1
github.com/pulumi/pulumi-docker/provider/v4/internal/cache.go:471.14,473.4 1 1
github.com/pulumi/pulumi-docker/provider/v4/internal/cache.go:474.3,474.65 1 1
github.com/pulumi/pulumi-docker/provider/v4/internal/cache.go:476.2,476.31 1 1
github.com/pulumi/pulumi-docker/provider/v4/internal/cache.go:476.31,478.3 1 1
github.com/pulumi/pulumi-docker/provider/v4/internal/cache.go:479.2,479.33 1 1
github.com/pulumi/pulumi-docker/provider/v4/internal/cache.go:489.48,490.14 1 1
github.com/pulumi/pulumi-docker/provider/v4/internal/cache.go:490.14,492.3 1 1
github.com/pulumi/pulumi-docker/provider/v4/internal/cache.go:493.2,493.81 1 1
github.com/pulumi/pulumi-docker/provider/v4/internal/cache.go:508.52,541.2 8 1
github.com/pulumi/pulumi-docker/provider/v4/internal/cache.go:543.39,544.16 1 1
github.com/pulumi/pulumi-docker/provider/v4/internal/cache.go:544.16,546.3 1 1
github.com/pulumi/pulumi-docker/provider/v4/internal/cache.go:547.2,547.74 1 1
github.com/pulumi/pulumi-docker/provider/v4/internal/cache.go:557.56,568.2 1 1
github.com/pulumi/pulumi-docker/provider/v4/internal/cache.go:578.68,584.2 1 1
github.com/pulumi/pulumi-docker/provider/v4/internal/cache.go:588.49,590.23 2 1
github.com/pulumi/pulumi-docker/provider/v4/internal/cache.go:590.23,592.14 2 1
github.com/pulumi/pulumi-docker/provider/v4/internal/cache.go:592.14,593.12 1 1
github.com/pulumi/pulumi-docker/provider/v4/internal/cache.go:595.3,595.27 1 1
github.com/pulumi/pulumi-docker/provider/v4/internal/cache.go:597.2,597.35 1 1
github.com/pulumi/pulumi-docker/provider/v4/internal/cache.go:600.38,602.2 1 1
github.com/pulumi/pulumi-docker/provider/v4/internal/cli.go:31.62,33.16 2 1
github.com/pulumi/pulumi-docker/provider/v4/internal/cli.go:33.16,35.3 1 0
github.com/pulumi/pulumi-docker/provider/v4/internal/cli.go:55.2,56.28 2 1
github.com/pulumi/pulumi-docker/provider/v4/internal/cli.go:56.28,58.3 1 1
github.com/pulumi/pulumi-docker/provider/v4/internal/cli.go:60.2,60.31 1 1
github.com/pulumi/pulumi-docker/provider/v4/internal/cli.go:60.31,67.3 2 1
github.com/pulumi/pulumi-docker/provider/v4/internal/cli.go:80.2,100.16 6 1
github.com/pulumi/pulumi-docker/provider/v4/internal/cli.go:100.16,102.3 1 0
github.com/pulumi/pulumi-docker/provider/v4/internal/cli.go:104.2,114.21 2 1
github.com/pulumi/pulumi-docker/provider/v4/internal/cli.go:177.32,179.2 1 1
github.com/pulumi/pulumi-docker/provider/v4/internal/cli.go:181.34,183.2 1 1
github.com/pulumi/pulumi-docker/provider/v4/internal/cli.go:185.31,187.2 1 0
github.com/pulumi/pulumi-docker/provider/v4/internal/cli.go:190.41,192.28 2 1
github.com/pulumi/pulumi-docker/provider/v4/internal/cli.go:192.28,197.3 4 1
github.com/pulumi/pulumi-docker/provider/v4/internal/cli.go:198.2,200.3 1 1
github.com/pulumi/pulumi-docker/provider/v4/internal/cli.go:205.42,207.15 2 1
github.com/pulumi/pulumi-docker/provider/v4/internal/cli.go:207.15,209.35 2 1
github.com/pulumi/pulumi-docker/provider/v4/internal/cli.go:209.35,211.4 1 0
github.com/pulumi/pulumi-docker/provider/v4/internal/cli.go:214.2,215.15 2 1
github.com/pulumi/pulumi-docker/provider/v4/internal/cli.go:215.15,217.3 1 1
github.com/pulumi/pulumi-docker/provider/v4/internal/cli.go:218.2,218.30 1 1
github.com/pulumi/pulumi-docker/provider/v4/internal/cli.go:222.29,225.19 3 1
github.com/pulumi/pulumi-docker/provider/v4/internal/cli.go:225.19,227.3 1 1
github.com/pulumi/pulumi-docker/provider/v4/internal/cli.go:228.2,228.12 1 1
github.com/pulumi/pulumi-docker/provider/v4/internal/cli.go:231.76,235.16 2 1
github.com/pulumi/pulumi-docker/provider/v4/internal/cli.go:235.16,237.3 1 0
github.com/pulumi/pulumi-docker/provider/v4/internal/cli.go:238.2,243.16 4 1
github.com/pulumi/pulumi-docker/provider/v4/internal/cli.go:243.16,245.3 1 0
github.com/pulumi/pulumi-docker/provider/v4/internal/cli.go:251.2,252.52 2 1
github.com/pulumi/pulumi-docker/provider/v4/internal/cli.go:252.52,257.3 1 1
github.com/pulumi/pulumi-docker/provider/v4/internal/cli.go:260.2,263.16 4 1
github.com/pulumi/pulumi-docker/provider/v4/internal/cli.go:263.16,265.3 1 0
github.com/pulumi/pulumi-docker/provider/v4/internal/cli.go:266.2,298.35 4 1
github.com/pulumi/pulumi-docker/provider/v4/internal/cli.go:298.35,300.3 1 1
github.com/pulumi/pulumi-docker/provider/v4/internal/cli.go:301.2,301.24 1 1
github.com/pulumi/pulumi-docker/provider/v4/internal/cli.go:301.24,303.3 1 0
github.com/pulumi/pulumi-docker/provider/v4/internal/cli.go:304.2,304.35 1 1
github.com/pulumi/pulumi-docker/provider/v4/internal/cli.go:304.35,306.3 1 1
github.com/pulumi/pulumi-docker/provider/v4/internal/cli.go:307.2,307.33 1 1
github.com/pulumi/pulumi-docker/provider/v4/internal/cli.go:307.33,309.3 1 1
github.com/pulumi/pulumi-docker/provider/v4/internal/cli.go:310.2,310.21 1 1
github.com/pulumi/pulumi-docker/provider/v4/internal/cli.go:310.21,312.3 1 0
github.com/pulumi/pulumi-docker/provider/v4/internal/cli.go:313.2,313.21 1 1
github.com/pulumi/pulumi-docker/provider/v4/internal/cli.go:313.21,315.3 1 0
github.com/pulumi/pulumi-docker/provider/v4/internal/cli.go:316.2,316.33 1 1
github.com/pulumi/pulumi-docker/provider/v4/internal/cli.go:316.33,318.3 1 1
github.com/pulumi/pulumi-docker/provider/v4/internal/cli.go:319.2,319.36 1 1
github.com/pulumi/pulumi-docker/provider/v4/internal/cli.go:319.36,321.3 1 1
github.com/pulumi/pulumi-docker/provider/v4/internal/cli.go:322.2,322.39 1 1
github.com/pulumi/pulumi-docker/provider/v4/internal/cli.go:322.39,324.3 1 1
github.com/pulumi/pulumi-docker/provider/v4/internal/cli.go:325.2,325.32 1 1
github.com/pulumi/pulumi-docker/provider/v4/internal/cli.go:325.32,327.3 1 1
github.com/pulumi/pulumi-docker/provider/v4/internal/cli.go:328.2,328.18 1 1
github.com/pulumi/pulumi-docker/provider/v4/internal/cli.go:328.18,330.3 1 1
github.com/pulumi/pulumi-docker/provider/v4/internal/cli.go:331.2,331.35 1 1
github.com/pulumi/pulumi-docker/provider/v4/internal/cli.go:331.35,333.3 1 1
github.com/pulumi/pulumi-docker/provider/v4/internal/cli.go:334.2,334.15 1 1
github.com/pulumi/pulumi-docker/provider/v4/internal/cli.go:334.15,336.3 1 0
github.com/pulumi/pulumi-docker/provider/v4/internal/cli.go:337.2,337.31 1 1
github.com/pulumi/pulumi-docker/provider/v4/internal/cli.go:337.31,339.25 2 1
github.com/pulumi/pulumi-docker/provider/v4/internal/cli.go:339.25,341.4 1 0
github.com/pulumi/pulumi-docker/provider/v4/internal/cli.go:342.3,342.34 1 1
github.com/pulumi/pulumi-docker/provider/v4/internal/cli.go:344.2,344.30 1 1
github.com/pulumi/pulumi-docker/provider/v4/internal/cli.go:344.30,346.3 1 1
github.com/pulumi/pulumi-docker/provider/v4/internal/cli.go:347.2,347.23 1 1
github.com/pulumi/pulumi-docker/provider/v4/internal/cli.go:347.23,349.3 1 1
github.com/pulumi/pulumi-docker/provider/v4/internal/cli.go:350.2,350.31 1 1
github.com/pulumi/pulumi-docker/provider/v4/internal/cli.go:350.31,352.3 1 1
github.com/pulumi/pulumi-docker/provider/v4/internal/cli.go:353.2,353.32 1 1
github.com/pulumi/pulumi-docker/provider/v4/internal/cli.go:353.32,356.3 2 1
github.com/pulumi/pulumi-docker/provider/v4/internal/cli.go:357.2,357.28 1 1
github.com/pulumi/pulumi-docker/provider/v4/internal/cli.go:357.28,359.3 1 1
github.com/pulumi/pulumi-docker/provider/v4/internal/cli.go:361.2,361.33 1 1
github.com/pulumi/pulumi-docker/provider/v4/internal/cli.go:361.33,367.3 3 1
github.com/pulumi/pulumi-docker/provider/v4/internal/cli.go:369.2,370.16 2 1
github.com/pulumi/pulumi-docker/provider/v4/internal/cli.go:370.16,372.3 1 0
github.com/pulumi/pulumi-docker/provider/v4/internal/cli.go:376.2,377.16 2 1
github.com/pulumi/pulumi-docker/provider/v4/internal/cli.go:377.16,379.3 1 0
github.com/pulumi/pulumi-docker/provider/v4/internal/cli.go:380.2,381.16 2 1
github.com/pulumi/pulumi-docker/provider/v4/internal/cli.go:381.16,383.3 1 0
github.com/pulumi/pulumi-docker/provider/v4/internal/cli.go:384.2,386.16 3 1
github.com/pulumi/pulumi-docker/provider/v4/internal/cli.go:386.16,388.3 1 0
github.com/pulumi/pulumi-docker/provider/v4/internal/cli.go:389.2,390.24 2 1
github.com/pulumi/pulumi-docker/provider/v4/internal/cli.go:390.24,391.25 1 1
github.com/pulumi/pulumi-docker/provider/v4/internal/cli.go:392.15,393.16 1 1
github.com/pulumi/pulumi-docker/provider/v4/internal/cli.go:394.11,396.18 2 1
github.com/pulumi/pulumi-docker/provider/v4/internal/cli.go:396.18,397.13 1 0
github.com/pulumi/pulumi-docker/provider/v4/internal/cli.go:399.4,399.25 1 1
github.com/pulumi/pulumi-docker/provider/v4/internal/cli.go:403.2,404.18 2 1
github.com/pulumi/pulumi-docker/provider/v4/internal/cli.go:404.18,406.3 1 1
github.com/pulumi/pulumi-docker/provider/v4/internal/cli.go:407.2,409.8 1 1
github.com/pulumi/pulumi-docker/provider/v4/internal/cli.go:414.60,417.20 1 1
github.com/pulumi/pulumi-docker/provider/v4/internal/cli.go:417.20,419.3 1 0
github.com/pulumi/pulumi-docker/provider/v4/internal/cli.go:420.2,425.16 4 1
github.com/pulumi/pulumi-docker/provider/v4/internal/cli.go:425.16,427.3 1 0
github.com/pulumi/pulumi-docker/provider/v4/internal/cli.go:428.2,428.21 1 1
github.com/pulumi/pulumi-docker/provider/v4/internal/cli.go:428.21,430.3 1 0
github.com/pulumi/pulumi-docker/provider/v4/internal/cli.go:432.2,445.16 3 1
github.com/pulumi/pulumi-docker/provider/v4/internal/cli.go:445.16,447.3 1 0
github.com/pulumi/pulumi-docker/provider/v4/internal/cli.go:448.2,455.18 6 1
github.com/pulumi/pulumi-docker/provider/v4/internal/cli.go:467.54,469.22 2 1
github.com/pulumi/pulumi-docker/provider/v4/internal/cli.go:469.22,471.3 1 1
github.com/pulumi/pulumi-docker/provider/v4/internal/cli.go:472.2,472.29 1 1
github.com/pulumi/pulumi-docker/provider/v4/internal/client.go:71.63,101.16 2 1
github.com/pulumi/pulumi-docker/provider/v4/internal/client.go:101.16,103.3 1 0
github.com/pulumi/pulumi-docker/provider/v4/internal/client.go:105.2,106.40 2 1
github.com/pulumi/pulumi-docker/provider/v4/internal/client.go:106.40,108.3 1 1
github.com/pulumi/pulumi-docker/provider/v4/internal/client.go:109.2,111.16 2 1
github.com/pulumi/pulumi-docker/provider/v4/internal/client.go:111.16,113.3 1 0
github.com/pulumi/pulumi-docker/provider/v4/internal/client.go:118.2,120.17 2 1
github.com/pulumi/pulumi-docker/provider/v4/internal/client.go:193.45,212.24 5 1
github.com/pulumi/pulumi-docker/provider/v4/internal/client.go:212.24,214.3 1 1
github.com/pulumi/pulumi-docker/provider/v4/internal/client.go:231.2,232.16 2 1
github.com/pulumi/pulumi-docker/provider/v4/internal/client.go:232.16,234.3 1 0
github.com/pulumi/pulumi-docker/provider/v4/internal/client.go:235.2,242.16 2 1
github.com/pulumi/pulumi-docker/provider/v4/internal/client.go:242.16,244.3 1 0
github.com/pulumi/pulumi-docker/provider/v4/internal/client.go:246.2,247.35 2 1
github.com/pulumi/pulumi-docker/provider/v4/internal/client.go:247.35,252.3 1 1
github.com/pulumi/pulumi-docker/provider/v4/internal/client.go:253.2,254.33 2 1
github.com/pulumi/pulumi-docker/provider/v4/internal/client.go:254.33,259.3 1 1
github.com/pulumi/pulumi-docker/provider/v4/internal/client.go:260.2,261.33 2 1
github.com/pulumi/pulumi-docker/provider/v4/internal/client.go:261.33,267.3 1 1
github.com/pulumi/pulumi-docker/provider/v4/internal/client.go:268.2,280.39 4 1
github.com/pulumi/pulumi-docker/provider/v4/internal/client.go:280.39,282.17 2 1
github.com/pulumi/pulumi-docker/provider/v4/internal/client.go:282.17,284.4 1 0
github.com/pulumi/pulumi-docker/provider/v4/internal/client.go:285.3,286.53 2 1
github.com/pulumi/pulumi-docker/provider/v4/internal/client.go:289.2,290.16 2 1
github.com/pulumi/pulumi-docker/provider/v4/internal/client.go:290.16,292.3 1 0
github.com/pulumi/pulumi-docker/provider/v4/internal/client.go:294.2,295.18 2 1
github.com/pulumi/pulumi-docker/provider/v4/internal/client.go:295.18,297.3 1 1
github.com/pulumi/pulumi-docker/provider/v4/internal/client.go:298.2,339.16 3 1
github.com/pulumi/pulumi-docker/provider/v4/internal/client.go:339.16,341.3 1 0
github.com/pulumi/pulumi-docker/provider/v4/internal/client.go:343.2,343.49 1 1
github.com/pulumi/pulumi-docker/provider/v4/internal/client.go:343.49,345.3 1 0
github.com/pulumi/pulumi-docker/provider/v4/internal/client.go:346.2,346.39 1 1
github.com/pulumi/pulumi-docker/provider/v4/internal/client.go:346.39,349.30 3 0
github.com/pulumi/pulumi-docker/provider/v4/internal/client.go:349.30,351.4 1 0
github.com/pulumi/pulumi-docker/provider/v4/internal/client.go:352.3,352.37 1 0
github.com/pulumi/pulumi-docker/provider/v4/internal/client.go:355.2,355.21 1 1
github.com/pulumi/pulumi-docker/provider/v4/internal/client.go:359.47,361.2 1 1
github.com/pulumi/pulumi-docker/provider/v4/internal/client.go:363.100,441.16 10 1
github.com/pulumi/pulumi-docker/provider/v4/internal/client.go:441.16,443.3 1 0
github.com/pulumi/pulumi-docker/provider/v4/internal/client.go:445.2,445.11 1 1
github.com/pulumi/pulumi-docker/provider/v4/internal/client.go:445.11,447.3 1 1
github.com/pulumi/pulumi-docker/provider/v4/internal/client.go:449.2,453.16 5 0
github.com/pulumi/pulumi-docker/provider/v4/internal/client.go:453.16,455.3 1 0
github.com/pulumi/pulumi-docker/provider/v4/internal/client.go:456.2,456.12 1 0
github.com/pulumi/pulumi-docker/provider/v4/internal/client.go:459.84,472.16 3 1
github.com/pulumi/pulumi-docker/provider/v4/internal/client.go:472.16,474.3 1 0
github.com/pulumi/pulumi-docker/provider/v4/internal/client.go:476.2,477.16 2 1
github.com/pulumi/pulumi-docker/provider/v4/internal/client.go:477.16,479.3 1 0
github.com/pulumi/pulumi-docker/provider/v4/internal/client.go:481.2,481.46 1 1
github.com/pulumi/pulumi-docker/provider/v4/internal/client.go:547.73,561.56 8 1
github.com/pulumi/pulumi-docker/provider/v4/internal/client.go:561.56,563.3 1 1
github.com/pulumi/pulumi-docker/provider/v4/internal/client.go:567.2,567.12 1 0
github.com/pulumi/pulumi-docker/provider/v4/internal/client.go:571.94,573.16 2 1
github.com/pulumi/pulumi-docker/provider/v4/internal/client.go:573.16,575.3 1 0
github.com/pulumi/pulumi-docker/provider/v4/internal/client.go:578.2,579.85 2 1
github.com/pulumi/pulumi-docker/provider/v4/internal/client.go:579.85,581.21 2 1
github.com/pulumi/pulumi-docker/provider/v4/internal/client.go:581.21,583.4 1 1
github.com/pulumi/pulumi-docker/provider/v4/internal/client.go:584.3,584.49 1 1
github.com/pulumi/pulumi-docker/provider/v4/internal/client.go:597.2,603.80 3 1
github.com/pulumi/pulumi-docker/provider/v4/internal/client.go:603.80,607.3 3 1
github.com/pulumi/pulumi-docker/provider/v4/internal/client.go:609.2,609.23 1 1
github.com/pulumi/pulumi-docker/provider/v4/internal/client.go:613.86,617.2 1 0
github.com/pulumi/pulumi-docker/provider/v4/internal/client.go:619.62,621.16 2 1
github.com/pulumi/pulumi-docker/provider/v4/internal/client.go:621.16,623.3 1 1
github.com/pulumi/pulumi-docker/provider/v4/internal/client.go:624.2,624.66 1 1
github.com/pulumi/pulumi-docker/provider/v4/internal/client.go:624.66,626.3 1 1
github.com/pulumi/pulumi-docker/provider/v4/internal/client.go:627.2,627.22 1 0
github.com/pulumi/pulumi-docker/provider/v4/internal/context.go:40.49,42.23 2 1
github.com/pulumi/pulumi-docker/provider/v4/internal/context.go:42.23,44.3 1 1
github.com/pulumi/pulumi-docker/provider/v4/internal/context.go:45.2,45.10 1 1
github.com/pulumi/pulumi-docker/provider/v4/internal/context.go:48.47,59.2 1 1
github.com/pulumi/pulumi-docker/provider/v4/internal/context.go:61.53,70.2 1 1
github.com/pulumi/pulumi-docker/provider/v4/internal/context.go:77.9,78.22 1 1
github.com/pulumi/pulumi-docker/provider/v4/internal/context.go:78.22,80.3 1 0
github.com/pulumi/pulumi-docker/provider/v4/internal/context.go:81.2,81.66 1 1
github.com/pulumi/pulumi-docker/provider/v4/internal/context.go:81.66,83.3 1 1
github.com/pulumi/pulumi-docker/provider/v4/internal/context.go:85.2,86.16 2 1
github.com/pulumi/pulumi-docker/provider/v4/internal/context.go:86.16,88.3 1 0
github.com/pulumi/pulumi-docker/provider/v4/internal/context.go:89.2,91.36 3 1
github.com/pulumi/pulumi-docker/provider/v4/internal/context.go:91.36,94.3 1 1
github.com/pulumi/pulumi-docker/provider/v4/internal/context.go:95.2,95.16 1 1
github.com/pulumi/pulumi-docker/provider/v4/internal/context.go:95.16,97.3 1 0
github.com/pulumi/pulumi-docker/provider/v4/internal/context.go:99.2,102.12 3 1
github.com/pulumi/pulumi-docker/provider/v4/internal/context.go:109.105,115.68 4 1
github.com/pulumi/pulumi-docker/provider/v4/internal/context.go:115.68,117.17 2 1
github.com/pulumi/pulumi-docker/provider/v4/internal/context.go:117.17,119.4 1 0
github.com/pulumi/pulumi-docker/provider/v4/internal/context.go:120.3,120.15 1 1
github.com/pulumi/pulumi-docker/provider/v4/internal/context.go:123.2,123.37 1 1
github.com/pulumi/pulumi-docker/provider/v4/internal/context.go:123.37,125.17 2 1
github.com/pulumi/pulumi-docker/provider/v4/internal/context.go:125.17,127.4 1 0
github.com/pulumi/pulumi-docker/provider/v4/internal/context.go:130.2,130.33 1 1
github.com/pulumi/pulumi-docker/provider/v4/internal/context.go:130.33,133.17 2 1
github.com/pulumi/pulumi-docker/provider/v4/internal/context.go:133.17,135.4 1 0
github.com/pulumi/pulumi-docker/provider/v4/internal/context.go:136.3,136.44 1 1
github.com/pulumi/pulumi-docker/provider/v4/internal/context.go:136.44,138.4 1 0
github.com/pulumi/pulumi-docker/provider/v4/internal/context.go:142.2,142.45 1 1
github.com/pulumi/pulumi-docker/provider/v4/internal/context.go:142.45,143.35 1 1
github.com/pulumi/pulumi-docker/provider/v4/internal/context.go:143.35,145.18 2 0
github.com/pulumi/pulumi-docker/provider/v4/internal/context.go:145.18,147.5 1 0
github.com/pulumi/pulumi-docker/provider/v4/internal/context.go:148.4,148.45 1 0
github.com/pulumi/pulumi-docker/provider/v4/internal/context.go:148.45,150.5 1 0
github.com/pulumi/pulumi-docker/provider/v4/internal/context.go:154.2,154.44 1 1
github.com/pulumi/pulumi-docker/provider/v4/internal/context.go:158.70,160.2 1 1
github.com/pulumi/pulumi-docker/provider/v4/internal/context.go:162.58,163.102 1 1
github.com/pulumi/pulumi-docker/provider/v4/internal/context.go:163.102,164.17 1 1
github.com/pulumi/pulumi-docker/provider/v4/internal/context.go:164.17,166.4 1 0
github.com/pulumi/pulumi-docker/provider/v4/internal/context.go:167.3,167.18 1 1
github.com/pulumi/pulumi-docker/provider/v4/internal/context.go:167.18,169.4 1 1
github.com/pulumi/pulumi-docker/provider/v4/internal/context.go:172.3,173.17 2 1
github.com/pulumi/pulumi-docker/provider/v4/internal/context.go:173.17,175.4 1 0
github.com/pulumi/pulumi-docker/provider/v4/internal/context.go:176.3,176.46 1 1
github.com/pulumi/pulumi-docker/provider/v4/internal/context.go:178.2,178.16 1 1
github.com/pulumi/pulumi-docker/provider/v4/internal/context.go:178.16,180.3 1 0
github.com/pulumi/pulumi-docker/provider/v4/internal/context.go:182.2,182.44 1 1
github.com/pulumi/pulumi-docker/provider/v4/internal/context.go:185.53,190.16 2 1
github.com/pulumi/pulumi-docker/provider/v4/internal/context.go:190.16,192.3 1 0
github.com/pulumi/pulumi-docker/provider/v4/internal/context.go:193.2,194.16 2 1
github.com/pulumi/pulumi-docker/provider/v4/internal/context.go:194.16,196.3 1 0
github.com/pulumi/pulumi-docker/provider/v4/internal/context.go:197.2,197.12 1 1
github.com/pulumi/pulumi-docker/provider/v4/internal/context.go:205.91,211.33 2 1
github.com/pulumi/pulumi-docker/provider/v4/internal/context.go:211.33,214.3 1 1
github.com/pulumi/pulumi-docker/provider/v4/internal/context.go:218.2,218.26 1 1
github.com/pulumi/pulumi-docker/provider/v4/internal/context.go:218.26,220.44 2 1
github.com/pulumi/pulumi-docker/provider/v4/internal/context.go:220.44,221.12 1 1
github.com/pulumi/pulumi-docker/provider/v4/internal/context.go:223.3,223.17 1 1
github.com/pulumi/pulumi-docker/provider/v4/internal/context.go:223.17,225.4 1 0
github.com/pulumi/pulumi-docker/provider/v4/internal/context.go:226.3,229.17 3 1
github.com/pulumi/pulumi-docker/provider/v4/internal/context.go:229.17,231.4 1 1
github.com/pulumi/pulumi-docker/provider/v4/internal/context.go:232.3,232.29 1 1
github.com/pulumi/pulumi-docker/provider/v4/internal/context.go:235.2,235.17 1 1
github.com/pulumi/pulumi-docker/provider/v4/internal/context.go:238.48,241.2 2 1
github.com/pulumi/pulumi-docker/provider/v4/internal/context.go:243.49,246.2 2 1
github.com/pulumi/pulumi-docker/provider/v4/internal/context.go:250.64,252.16 2 1
github.com/pulumi/pulumi-docker/provider/v4/internal/context.go:252.16,254.3 1 0
github.com/pulumi/pulumi-docker/provider/v4/internal/context.go:255.2,255.77 1 1
github.com/pulumi/pulumi-docker/provider/v4/internal/dedent.go:9.30,13.2 1 1
github.com/pulumi/pulumi-docker/provider/v4/internal/dockerfile.go:12.50,29.2 2 1
github.com/pulumi/pulumi-docker/provider/v4/internal/export.go:48.51,79.2 9 1
github.com/pulumi/pulumi-docker/provider/v4/internal/export.go:81.38,82.16 1 1
github.com/pulumi/pulumi-docker/provider/v4/internal/export.go:82.16,84.3 1 1
github.com/pulumi/pulumi-docker/provider/v4/internal/export.go:85.2,85.87 1 1
github.com/pulumi/pulumi-docker/provider/v4/internal/export.go:88.36,89.17 1 1
github.com/pulumi/pulumi-docker/provider/v4/internal/export.go:89.17,91.17 2 1
github.com/pulumi/pulumi-docker/provider/v4/internal/export.go:91.17,93.4 1 0
github.com/pulumi/pulumi-docker/provider/v4/internal/export.go:94.3,94.40 1 1
github.com/pulumi/pulumi-docker/provider/v4/internal/export.go:96.2,96.23 1 0
github.com/pulumi/pulumi-docker/provider/v4/internal/export.go:96.23,98.3 1 0
github.com/pulumi/pulumi-docker/provider/v4/internal/export.go:99.2,99.20 1 0
github.com/pulumi/pulumi-docker/provider/v4/internal/export.go:99.20,101.3 1 0
github.com/pulumi/pulumi-docker/provider/v4/internal/export.go:102.2,102.14 1 0
github.com/pulumi/pulumi-docker/provider/v4/internal/export.go:107.43,108.14 1 1
github.com/pulumi/pulumi-docker/provider/v4/internal/export.go:108.14,110.3 1 1
github.com/pulumi/pulumi-docker/provider/v4/internal/export.go:111.2,111.25 1 0
github.com/pulumi/pulumi-docker/provider/v4/internal/export.go:124.52,129.2 3 1
github.com/pulumi/pulumi-docker/provider/v4/internal/export.go:131.40,132.14 1 1
github.com/pulumi/pulumi-docker/provider/v4/internal/export.go:132.14,134.3 1 1
github.com/pulumi/pulumi-docker/provider/v4/internal/export.go:135.2,136.18 2 1
github.com/pulumi/pulumi-docker/provider/v4/internal/export.go:136.18,138.3 1 0
github.com/pulumi/pulumi-docker/provider/v4/internal/export.go:139.2,139.18 1 1
github.com/pulumi/pulumi-docker/provider/v4/internal/export.go:139.18,141.3 1 0
github.com/pulumi/pulumi-docker/provider/v4/internal/export.go:143.2,150.3 1 1
github.com/pulumi/pulumi-docker/provider/v4/internal/export.go:157.49,160.2 2 1
github.com/pulumi/pulumi-docker/provider/v4/internal/export.go:162.37,163.14 1 1
github.com/pulumi/pulumi-docker/provider/v4/internal/export.go:163.14,165.3 1 1
github.com/pulumi/pulumi-docker/provider/v4/internal/export.go:166.2,166.79 1 1
github.com/pulumi/pulumi-docker/provider/v4/internal/export.go:184.51,213.2 8 1
github.com/pulumi/pulumi-docker/provider/v4/internal/export.go:215.39,216.14 1 1
github.com/pulumi/pulumi-docker/provider/v4/internal/export.go:216.14,218.3 1 1
github.com/pulumi/pulumi-docker/provider/v4/internal/export.go:219.2,220.19 2 1
github.com/pulumi/pulumi-docker/provider/v4/internal/export.go:220.19,222.3 1 1
github.com/pulumi/pulumi-docker/provider/v4/internal/export.go:223.2,223.27 1 1
github.com/pulumi/pulumi-docker/provider/v4/internal/export.go:223.27,225.3 1 1
github.com/pulumi/pulumi-docker/provider/v4/internal/export.go:226.2,226.23 1 1
github.com/pulumi/pulumi-docker/provider/v4/internal/export.go:226.23,228.3 1 1
github.com/pulumi/pulumi-docker/provider/v4/internal/export.go:229.2,229.32 1 1
github.com/pulumi/pulumi-docker/provider/v4/internal/export.go:229.32,231.3 1 1
github.com/pulumi/pulumi-docker/provider/v4/internal/export.go:232.2,232.28 1 1
github.com/pulumi/pulumi-docker/provider/v4/internal/export.go:232.28,234.3 1 0
github.com/pulumi/pulumi-docker/provider/v4/internal/export.go:235.2,235.21 1 1
github.com/pulumi/pulumi-docker/provider/v4/internal/export.go:235.21,237.3 1 1
github.com/pulumi/pulumi-docker/provider/v4/internal/export.go:238.2,238.20 1 1
github.com/pulumi/pulumi-docker/provider/v4/internal/export.go:238.20,240.3 1 1
github.com/pulumi/pulumi-docker/provider/v4/internal/export.go:241.2,248.3 1 1
github.com/pulumi/pulumi-docker/provider/v4/internal/export.go:255.54,257.2 1 1
github.com/pulumi/pulumi-docker/provider/v4/internal/export.go:259.42,260.14 1 1
github.com/pulumi/pulumi-docker/provider/v4/internal/export.go:260.14,262.3 1 1
github.com/pulumi/pulumi-docker/provider/v4/internal/export.go:263.2,263.82 1 1
github.com/pulumi/pulumi-docker/provider/v4/internal/export.go:270.39,271.14 1 1
github.com/pulumi/pulumi-docker/provider/v4/internal/export.go:271.14,273.3 1 1
github.com/pulumi/pulumi-docker/provider/v4/internal/export.go:274.2,274.50 1 1
github.com/pulumi/pulumi-docker/provider/v4/internal/export.go:277.51,279.2 1 1
github.com/pulumi/pulumi-docker/provider/v4/internal/export.go:285.37,286.14 1 1
github.com/pulumi/pulumi-docker/provider/v4/internal/export.go:286.14,288.3 1 1
github.com/pulumi/pulumi-docker/provider/v4/internal/export.go:289.2,289.48 1 1
github.com/pulumi/pulumi-docker/provider/v4/internal/export.go:296.53,299.2 2 1
github.com/pulumi/pulumi-docker/provider/v4/internal/export.go:301.40,302.18 1 1
github.com/pulumi/pulumi-docker/provider/v4/internal/export.go:302.18,304.3 1 1
github.com/pulumi/pulumi-docker/provider/v4/internal/export.go:305.2,305.49 1 0
github.com/pulumi/pulumi-docker/provider/v4/internal/export.go:314.61,322.2 6 1
github.com/pulumi/pulumi-docker/provider/v4/internal/export.go:324.48,325.29 1 1
github.com/pulumi/pulumi-docker/provider/v4/internal/export.go:325.29,327.3 1 1
github.com/pulumi/pulumi-docker/provider/v4/internal/export.go:328.2,329.25 2 1
github.com/pulumi/pulumi-docker/provider/v4/internal/export.go:329.25,331.3 1 1
github.com/pulumi/pulumi-docker/provider/v4/internal/export.go:332.2,332.28 1 1
github.com/pulumi/pulumi-docker/provider/v4/internal/export.go:332.28,334.14 2 1
github.com/pulumi/pulumi-docker/provider/v4/internal/export.go:334.14,336.4 1 1
github.com/pulumi/pulumi-docker/provider/v4/internal/export.go:337.3,337.65 1 1
github.com/pulumi/pulumi-docker/provider/v4/internal/export.go:339.2,339.31 1 1
github.com/pulumi/pulumi-docker/provider/v4/internal/export.go:339.31,341.3 1 1
github.com/pulumi/pulumi-docker/provider/v4/internal/export.go:342.2,342.33 1 1
github.com/pulumi/pulumi-docker/provider/v4/internal/export.go:349.42,351.28 2 1
github.com/pulumi/pulumi-docker/provider/v4/internal/export.go:351.28,353.3 1 1
github.com/pulumi/pulumi-docker/provider/v4/internal/export.go:354.2,354.33 1 1
github.com/pulumi/pulumi-docker/provider/v4/internal/export.go:357.55,359.2 1 1
github.com/pulumi/pulumi-docker/provider/v4/internal/export.go:365.48,367.34 2 1
github.com/pulumi/pulumi-docker/provider/v4/internal/export.go:367.34,369.3 1 1
github.com/pulumi/pulumi-docker/provider/v4/internal/export.go:370.2,371.33 2 1
github.com/pulumi/pulumi-docker/provider/v4/internal/export.go:374.61,378.2 1 1
github.com/pulumi/pulumi-docker/provider/v4/internal/export.go:380.61,382.2 1 1
github.com/pulumi/pulumi-docker/provider/v4/internal/host.go:24.45,26.16 2 1
github.com/pulumi/pulumi-docker/provider/v4/internal/host.go:26.16,28.3 1 0
github.com/pulumi/pulumi-docker/provider/v4/internal/host.go:30.2,31.16 2 1
github.com/pulumi/pulumi-docker/provider/v4/internal/host.go:31.16,33.3 1 0
github.com/pulumi/pulumi-docker/provider/v4/internal/host.go:34.2,40.15 2 1
github.com/pulumi/pulumi-docker/provider/v4/internal/host.go:49.64,55.43 4 1
github.com/pulumi/pulumi-docker/provider/v4/internal/host.go:55.43,57.3 1 0
github.com/pulumi/pulumi-docker/provider/v4/internal/host.go:59.2,60.70 2 1
github.com/pulumi/pulumi-docker/provider/v4/internal/host.go:60.70,62.3 1 1
github.com/pulumi/pulumi-docker/provider/v4/internal/host.go:63.2,67.16 2 1
github.com/pulumi/pulumi-docker/provider/v4/internal/host.go:67.16,69.3 1 0
github.com/pulumi/pulumi-docker/provider/v4/internal/host.go:74.2,74.42 1 1
github.com/pulumi/pulumi-docker/provider/v4/internal/host.go:74.42,76.17 2 1
github.com/pulumi/pulumi-docker/provider/v4/internal/host.go:76.17,78.4 1 0
github.com/pulumi/pulumi-docker/provider/v4/internal/host.go:79.3,82.17 3 1
github.com/pulumi/pulumi-docker/provider/v4/internal/host.go:82.17,84.4 1 0
github.com/pulumi/pulumi-docker/provider/v4/internal/host.go:85.2,86.31 1 1
github.com/pulumi/pulumi-docker/provider/v4/internal/host.go:86.31,87.23 1 1
github.com/pulumi/pulumi-docker/provider/v4/internal/host.go:87.23,88.13 1 0
github.com/pulumi/pulumi-docker/provider/v4/internal/host.go:90.4,90.40 1 1
github.com/pulumi/pulumi-docker/provider/v4/internal/host.go:90.40,91.13 1 0
github.com/pulumi/pulumi-docker/provider/v4/internal/host.go:93.4,93.23 1 1
github.com/pulumi/pulumi-docker/provider/v4/internal/host.go:93.23,94.13 1 0
github.com/pulumi/pulumi-docker/provider/v4/internal/host.go:96.4,97.18 2 1
github.com/pulumi/pulumi-docker/provider/v4/internal/host.go:97.18,98.13 1 1
github.com/pulumi/pulumi-docker/provider/v4/internal/host.go:100.4,100.28 1 1
github.com/pulumi/pulumi-docker/provider/v4/internal/host.go:100.28,101.24 1 1
github.com/pulumi/pulumi-docker/provider/v4/internal/host.go:101.24,102.26 1 0
github.com/pulumi/pulumi-docker/provider/v4/internal/host.go:104.5,104.66 1 1
github.com/pulumi/pulumi-docker/provider/v4/internal/host.go:104.66,105.26 1 1
github.com/pulumi/pulumi-docker/provider/v4/internal/host.go:111.4,112.9 2 1
github.com/pulumi/pulumi-docker/provider/v4/internal/host.go:119.2,120.39 2 1
github.com/pulumi/pulumi-docker/provider/v4/internal/host.go:120.39,122.3 1 0
github.com/pulumi/pulumi-docker/provider/v4/internal/host.go:124.2,127.20 3 1
github.com/pulumi/pulumi-docker/provider/v4/internal/image.go:62.45,83.2 1 1
github.com/pulumi/pulumi-docker/provider/v4/internal/image.go:112.50,285.2 23 1
github.com/pulumi/pulumi-docker/provider/v4/internal/image.go:297.51,328.2 4 1
github.com/pulumi/pulumi-docker/provider/v4/internal/image.go:330.96,333.55 2 1
github.com/pulumi/pulumi-docker/provider/v4/internal/image.go:333.55,335.3 1 1
github.com/pulumi/pulumi-docker/provider/v4/internal/image.go:337.2,344.33 4 0
github.com/pulumi/pulumi-docker/provider/v4/internal/image.go:354.47,356.38 2 1
github.com/pulumi/pulumi-docker/provider/v4/internal/image.go:356.38,358.3 1 0
github.com/pulumi/pulumi-docker/provider/v4/internal/image.go:361.2,363.58 2 1
github.com/pulumi/pulumi-docker/provider/v4/internal/image.go:363.58,365.26 2 1
github.com/pulumi/pulumi-docker/provider/v4/internal/image.go:365.26,366.38 1 1
github.com/pulumi/pulumi-docker/provider/v4/internal/image.go:366.38,368.5 1 1
github.com/pulumi/pulumi-docker/provider/v4/internal/image.go:391.2,391.28 1 1
github.com/pulumi/pulumi-docker/provider/v4/internal/image.go:398.39,400.2 1 1
github.com/pulumi/pulumi-docker/provider/v4/internal/image.go:402.63,404.2 1 1
github.com/pulumi/pulumi-docker/provider/v4/internal/image.go:406.62,432.2 2 1
github.com/pulumi/pulumi-docker/provider/v4/internal/image.go:434.39,438.2 2 1
github.com/pulumi/pulumi-docker/provider/v4/internal/image.go:441.40,442.13 1 1
github.com/pulumi/pulumi-docker/provider/v4/internal/image.go:442.13,444.3 1 0
github.com/pulumi/pulumi-docker/provider/v4/internal/image.go:445.2,445.31 1 1
github.com/pulumi/pulumi-docker/provider/v4/internal/image.go:445.31,446.17 1 1
github.com/pulumi/pulumi-docker/provider/v4/internal/image.go:446.17,448.4 1 1
github.com/pulumi/pulumi-docker/provider/v4/internal/image.go:450.2,450.14 1 0
github.com/pulumi/pulumi-docker/provider/v4/internal/image.go:453.50,454.30 1 1
github.com/pulumi/pulumi-docker/provider/v4/internal/image.go:454.30,456.3 1 0
github.com/pulumi/pulumi-docker/provider/v4/internal/image.go:457.2,457.22 1 1
github.com/pulumi/pulumi-docker/provider/v4/internal/image.go:467.58,469.2 1 1
github.com/pulumi/pulumi-docker/provider/v4/internal/image.go:471.32,473.2 1 1
github.com/pulumi/pulumi-docker/provider/v4/internal/image.go:475.45,477.30 2 1
github.com/pulumi/pulumi-docker/provider/v4/internal/image.go:477.30,479.3 1 1
github.com/pulumi/pulumi-docker/provider/v4/internal/image.go:480.2,480.35 1 1
github.com/pulumi/pulumi-docker/provider/v4/internal/image.go:483.34,485.2 1 1
github.com/pulumi/pulumi-docker/provider/v4/internal/image.go:490.20,492.16 2 1
github.com/pulumi/pulumi-docker/provider/v4/internal/image.go:492.16,494.3 1 0
github.com/pulumi/pulumi-docker/provider/v4/internal/image.go:496.2,496.26 1 1
github.com/pulumi/pulumi-docker/provider/v4/internal/image.go:496.26,501.3 1 1
github.com/pulumi/pulumi-docker/provider/v4/internal/image.go:503.2,503.54 1 1
github.com/pulumi/pulumi-docker/provider/v4/internal/image.go:503.54,507.3 1 0
github.com/pulumi/pulumi-docker/provider/v4/internal/image.go:509.2,511.8 1 1
github.com/pulumi/pulumi-docker/provider/v4/internal/image.go:517.87,520.25 2 1
github.com/pulumi/pulumi-docker/provider/v4/internal/image.go:520.25,524.3 1 1
github.com/pulumi/pulumi-docker/provider/v4/internal/image.go:525.2,525.24 1 1
github.com/pulumi/pulumi-docker/provider/v4/internal/image.go:525.24,529.3 1 0
github.com/pulumi/pulumi-docker/provider/v4/internal/image.go:530.2,530.49 1 1
github.com/pulumi/pulumi-docker/provider/v4/internal/image.go:530.49,534.3 1 0
github.com/pulumi/pulumi-docker/provider/v4/internal/image.go:536.2,536.31 1 1
github.com/pulumi/pulumi-docker/provider/v4/internal/image.go:536.31,538.53 2 1
github.com/pulumi/pulumi-docker/provider/v4/internal/image.go:538.53,539.66 1 1
github.com/pulumi/pulumi-docker/provider/v4/internal/image.go:539.66,541.62 2 1
github.com/pulumi/pulumi-docker/provider/v4/internal/image.go:541.62,546.6 1 1
github.com/pulumi/pulumi-docker/provider/v4/internal/image.go:548.9,548.84 1 1
github.com/pulumi/pulumi-docker/provider/v4/internal/image.go:548.84,553.4 1 0
github.com/pulumi/pulumi-docker/provider/v4/internal/image.go:556.2,556.34 1 1
github.com/pulumi/pulumi-docker/provider/v4/internal/image.go:556.34,558.54 2 1
github.com/pulumi/pulumi-docker/provider/v4/internal/image.go:558.54,561.4 2 1
github.com/pulumi/pulumi-docker/provider/v4/internal/image.go:564.2,564.32 1 1
github.com/pulumi/pulumi-docker/provider/v4/internal/image.go:564.32,566.3 1 1
github.com/pulumi/pulumi-docker/provider/v4/internal/image.go:570.2,573.19 3 1
github.com/pulumi/pulumi-docker/provider/v4/internal/image.go:573.19,575.3 1 0
github.com/pulumi/pulumi-docker/provider/v4/internal/image.go:576.2,576.19 1 1
github.com/pulumi/pulumi-docker/provider/v4/internal/image.go:576.19,578.3 1 1
github.com/pulumi/pulumi-docker/provider/v4/internal/image.go:579.2,579.37 1 1
github.com/pulumi/pulumi-docker/provider/v4/internal/image.go:579.37,580.23 1 1
github.com/pulumi/pulumi-docker/provider/v4/internal/image.go:580.23,581.12 1 1
github.com/pulumi/pulumi-docker/provider/v4/internal/image.go:583.3,583.45 1 1
github.com/pulumi/pulumi-docker/provider/v4/internal/image.go:583.45,591.12 2 1
github.com/pulumi/pulumi-docker/provider/v4/internal/image.go:593.3,594.17 2 1
github.com/pulumi/pulumi-docker/provider/v4/internal/image.go:594.17,596.12 2 1
github.com/pulumi/pulumi-docker/provider/v4/internal/image.go:598.3,599.74 2 1
github.com/pulumi/pulumi-docker/provider/v4/internal/image.go:599.74,607.12 2 1
github.com/pulumi/pulumi-docker/provider/v4/internal/image.go:609.3,609.33 1 1
github.com/pulumi/pulumi-docker/provider/v4/internal/image.go:612.2,612.13 1 1
github.com/pulumi/pulumi-docker/provider/v4/internal/image.go:612.13,614.29 1 1
github.com/pulumi/pulumi-docker/provider/v4/internal/image.go:614.29,615.25 1 1
github.com/pulumi/pulumi-docker/provider/v4/internal/image.go:615.25,617.5 1 1
github.com/pulumi/pulumi-docker/provider/v4/internal/image.go:621.2,622.39 2 1
github.com/pulumi/pulumi-docker/provider/v4/internal/image.go:622.39,624.17 2 1
github.com/pulumi/pulumi-docker/provider/v4/internal/image.go:624.17,626.12 2 1
github.com/pulumi/pulumi-docker/provider/v4/internal/image.go:628.3,628.44 1 1
github.com/pulumi/pulumi-docker/provider/v4/internal/image.go:631.2,632.39 2 1
github.com/pulumi/pulumi-docker/provider/v4/internal/image.go:632.39,633.23 1 1
github.com/pulumi/pulumi-docker/provider/v4/internal/image.go:633.23,634.12 1 1
github.com/pulumi/pulumi-docker/provider/v4/internal/image.go:636.3,636.45 1 1
github.com/pulumi/pulumi-docker/provider/v4/internal/image.go:636.45,644.12 2 1
github.com/pulumi/pulumi-docker/provider/v4/internal/image.go:646.3,647.17 2 1
github.com/pulumi/pulumi-docker/provider/v4/internal/image.go:647.17,649.12 2 1
github.com/pulumi/pulumi-docker/provider/v4/internal/image.go:651.3,651.23 1 1
github.com/pulumi/pulumi-docker/provider/v4/internal/image.go:651.23,652.12 1 1
github.com/pulumi/pulumi-docker/provider/v4/internal/image.go:654.3,654.43 1 1
github.com/pulumi/pulumi-docker/provider/v4/internal/image.go:657.2,658.37 2 1
github.com/pulumi/pulumi-docker/provider/v4/internal/image.go:658.37,659.23 1 1
github.com/pulumi/pulumi-docker/provider/v4/internal/image.go:659.23,660.12 1 1
github.com/pulumi/pulumi-docker/provider/v4/internal/image.go:662.3,662.45 1 1
github.com/pulumi/pulumi-docker/provider/v4/internal/image.go:662.45,670.12 2 1
github.com/pulumi/pulumi-docker/provider/v4/internal/image.go:672.3,673.17 2 1
github.com/pulumi/pulumi-docker/provider/v4/internal/image.go:673.17,675.12 2 1
github.com/pulumi/pulumi-docker/provider/v4/internal/image.go:677.3,677.23 1 1
github.com/pulumi/pulumi-docker/provider/v4/internal/image.go:677.23,678.12 1 1
github.com/pulumi/pulumi-docker/provider/v4/internal/image.go:680.3,680.39 1 1
github.com/pulumi/pulumi-docker/provider/v4/internal/image.go:683.2,684.33 2 1
github.com/pulumi/pulumi-docker/provider/v4/internal/image.go:684.33,686.17 2 1
github.com/pulumi/pulumi-docker/provider/v4/internal/image.go:686.17,688.12 2 0
github.com/pulumi/pulumi-docker/provider/v4/internal/image.go:690.3,690.23 1 1
github.com/pulumi/pulumi-docker/provider/v4/internal/image.go:690.23,691.12 1 0
github.com/pulumi/pulumi-docker/provider/v4/internal/image.go:693.3,693.31 1 1
github.com/pulumi/pulumi-docker/provider/v4/internal/image.go:696.2,696.76 1 1
github.com/pulumi/pulumi-docker/provider/v4/internal/image.go:696.76,704.3 1 0
github.com/pulumi/pulumi-docker/provider/v4/internal/image.go:706.2,706.34 1 1
github.com/pulumi/pulumi-docker/provider/v4/internal/image.go:706.34,707.47 1 1
github.com/pulumi/pulumi-docker/provider/v4/internal/image.go:707.47,709.4 1 1
github.com/pulumi/pulumi-docker/provider/v4/internal/image.go:712.2,713.37 2 1
github.com/pulumi/pulumi-docker/provider/v4/internal/image.go:713.37,718.3 1 1
github.com/pulumi/pulumi-docker/provider/v4/internal/image.go:720.2,741.23 2 1
github.com/pulumi/pulumi-docker/provider/v4/internal/image.go:751.23,755.16 3 1
github.com/pulumi/pulumi-docker/provider/v4/internal/image.go:755.16,757.3 1 0
github.com/pulumi/pulumi-docker/provider/v4/internal/image.go:759.2,760.16 2 1
github.com/pulumi/pulumi-docker/provider/v4/internal/image.go:760.16,762.3 1 1
github.com/pulumi/pulumi-docker/provider/v4/internal/image.go:763.2,763.9 1 1
github.com/pulumi/pulumi-docker/provider/v4/internal/image.go:763.9,765.3 1 1
github.com/pulumi/pulumi-docker/provider/v4/internal/image.go:767.2,768.16 2 1
github.com/pulumi/pulumi-docker/provider/v4/internal/image.go:768.16,770.3 1 0
github.com/pulumi/pulumi-docker/provider/v4/internal/image.go:772.2,777.16 2 1
github.com/pulumi/pulumi-docker/provider/v4/internal/image.go:777.16,779.3 1 0
github.com/pulumi/pulumi-docker/provider/v4/internal/image.go:780.2,782.46 2 1
github.com/pulumi/pulumi-docker/provider/v4/internal/image.go:782.46,784.3 1 1
github.com/pulumi/pulumi-docker/provider/v4/internal/image.go:785.2,785.35 1 1
github.com/pulumi/pulumi-docker/provider/v4/internal/image.go:785.35,788.3 2 0
github.com/pulumi/pulumi-docker/provider/v4/internal/image.go:790.2,791.16 2 1
github.com/pulumi/pulumi-docker/provider/v4/internal/image.go:791.16,793.3 1 0
github.com/pulumi/pulumi-docker/provider/v4/internal/image.go:795.2,795.41 1 1
github.com/pulumi/pulumi-docker/provider/v4/internal/image.go:795.41,798.17 3 0
github.com/pulumi/pulumi-docker/provider/v4/internal/image.go:798.17,800.4 1 0
github.com/pulumi/pulumi-docker/provider/v4/internal/image.go:805.2,805.30 1 1
github.com/pulumi/pulumi-docker/provider/v4/internal/image.go:805.30,806.74 1 1
github.com/pulumi/pulumi-docker/provider/v4/internal/image.go:806.74,808.4 1 1
github.com/pulumi/pulumi-docker/provider/v4/internal/image.go:811.2,811.24 1 1
github.com/pulumi/pulumi-docker/provider/v4/internal/image.go:811.24,814.3 1 1
github.com/pulumi/pulumi-docker/provider/v4/internal/image.go:818.2,818.33 1 1
github.com/pulumi/pulumi-docker/provider/v4/internal/image.go:818.33,820.10 2 1
github.com/pulumi/pulumi-docker/provider/v4/internal/image.go:820.10,821.12 1 0
github.com/pulumi/pulumi-docker/provider/v4/internal/image.go:824.3,825.8 2 1
github.com/pulumi/pulumi-docker/provider/v4/internal/image.go:828.2,828.19 1 1
github.com/pulumi/pulumi-docker/provider/v4/internal/image.go:837.31,840.2 2 1
github.com/pulumi/pulumi-docker/provider/v4/internal/image.go:854.3,856.16 2 1
github.com/pulumi/pulumi-docker/provider/v4/internal/image.go:856.16,858.3 1 0
github.com/pulumi/pulumi-docker/provider/v4/internal/image.go:867.2,867.25 1 1
github.com/pulumi/pulumi-docker/provider/v4/internal/image.go:867.25,870.3 1 0
github.com/pulumi/pulumi-docker/provider/v4/internal/image.go:872.2,875.33 2 1
github.com/pulumi/pulumi-docker/provider/v4/internal/image.go:875.33,877.10 2 1
github.com/pulumi/pulumi-docker/provider/v4/internal/image.go:877.10,880.9 2 0
github.com/pulumi/pulumi-docker/provider/v4/internal/image.go:884.3,885.17 2 1
github.com/pulumi/pulumi-docker/provider/v4/internal/image.go:885.17,887.12 2 0
github.com/pulumi/pulumi-docker/provider/v4/internal/image.go:890.3,890.27 1 1
github.com/pulumi/pulumi-docker/provider/v4/internal/image.go:890.27,891.87 1 1
github.com/pulumi/pulumi-docker/provider/v4/internal/image.go:891.87,893.13 1 0
github.com/pulumi/pulumi-docker/provider/v4/internal/image.go:895.4,895.20 1 1
github.com/pulumi/pulumi-docker/provider/v4/internal/image.go:895.20,897.13 1 0
github.com/pulumi/pulumi-docker/provider/v4/internal/image.go:900.4,901.9 2 1
github.com/pulumi/pulumi-docker/provider/v4/internal/image.go:907.2,907.49 1 1
github.com/pulumi/pulumi-docker/provider/v4/internal/image.go:907.49,909.3 1 0
github.com/pulumi/pulumi-docker/provider/v4/internal/image.go:911.2,913.32 2 1
github.com/pulumi/pulumi-docker/provider/v4/internal/image.go:923.9,925.16 2 1
github.com/pulumi/pulumi-docker/provider/v4/internal/image.go:925.16,927.3 1 0
github.com/pulumi/pulumi-docker/provider/v4/internal/image.go:929.2,931.33 2 1
github.com/pulumi/pulumi-docker/provider/v4/internal/image.go:931.33,933.17 2 1
github.com/pulumi/pulumi-docker/provider/v4/internal/image.go:933.17,934.12 1 1
github.com/pulumi/pulumi-docker/provider/v4/internal/image.go:936.3,937.30 2 1
github.com/pulumi/pulumi-docker/provider/v4/internal/image.go:937.30,938.12 1 1
github.com/pulumi/pulumi-docker/provider/v4/internal/image.go:940.3,942.31 2 1
github.com/pulumi/pulumi-docker/provider/v4/internal/image.go:942.31,943.23 1 1
github.com/pulumi/pulumi-docker/provider/v4/internal/image.go:943.23,945.5 1 1
github.com/pulumi/pulumi-docker/provider/v4/internal/image.go:946.4,946.24 1 1
github.com/pulumi/pulumi-docker/provider/v4/internal/image.go:946.24,948.5 1 1
github.com/pulumi/pulumi-docker/provider/v4/internal/image.go:954.2,954.17 1 1
github.com/pulumi/pulumi-docker/provider/v4/internal/image.go:964.34,968.54 3 1
github.com/pulumi/pulumi-docker/provider/v4/internal/image.go:968.54,970.3 1 0
github.com/pulumi/pulumi-docker/provider/v4/internal/image.go:971.2,971.56 1 1
github.com/pulumi/pulumi-docker/provider/v4/internal/image.go:971.56,973.3 1 1
github.com/pulumi/pulumi-docker/provider/v4/internal/image.go:974.2,974.48 1 1
github.com/pulumi/pulumi-docker/provider/v4/internal/image.go:974.48,976.3 1 0
github.com/pulumi/pulumi-docker/provider/v4/internal/image.go:977.2,977.52 1 1
github.com/pulumi/pulumi-docker/provider/v4/internal/image.go:977.52,979.3 1 1
github.com/pulumi/pulumi-docker/provider/v4/internal/image.go:980.2,980.56 1 1
github.com/pulumi/pulumi-docker/provider/v4/internal/image.go:980.56,982.3 1 1
github.com/pulumi/pulumi-docker/provider/v4/internal/image.go:983.2,983.52 1 1
github.com/pulumi/pulumi-docker/provider/v4/internal/image.go:983.52,985.3 1 1
github.com/pulumi/pulumi-docker/provider/v4/internal/image.go:986.2,986.52 1 1
github.com/pulumi/pulumi-docker/provider/v4/internal/image.go:986.52,988.3 1 1
github.com/pulumi/pulumi-docker/provider/v4/internal/image.go:989.2,989.64 1 1
github.com/pulumi/pulumi-docker/provider/v4/internal/image.go:989.64,991.3 1 1
github.com/pulumi/pulumi-docker/provider/v4/internal/image.go:992.2,992.58 1 1
github.com/pulumi/pulumi-docker/provider/v4/internal/image.go:992.58,994.3 1 1
github.com/pulumi/pulumi-docker/provider/v4/internal/image.go:995.2,995.54 1 1
github.com/pulumi/pulumi-docker/provider/v4/internal/image.go:995.54,997.3 1 1
github.com/pulumi/pulumi-docker/provider/v4/internal/image.go:999.2,999.58 1 1
github.com/pulumi/pulumi-docker/provider/v4/internal/image.go:999.58,1001.3 1 1
github.com/pulumi/pulumi-docker/provider/v4/internal/image.go:1002.2,1002.50 1 1
github.com/pulumi/pulumi-docker/provider/v4/internal/image.go:1002.50,1004.3 1 1
github.com/pulumi/pulumi-docker/provider/v4/internal/image.go:1005.2,1005.28 1 1
github.com/pulumi/pulumi-docker/provider/v4/internal/image.go:1005.28,1007.3 1 0
github.com/pulumi/pulumi-docker/provider/v4/internal/image.go:1008.2,1008.34 1 1
github.com/pulumi/pulumi-docker/provider/v4/internal/image.go:1008.34,1010.3 1 0
github.com/pulumi/pulumi-docker/provider/v4/internal/image.go:1011.2,1011.52 1 1
github.com/pulumi/pulumi-docker/provider/v4/internal/image.go:1011.52,1013.3 1 1
github.com/pulumi/pulumi-docker/provider/v4/internal/image.go:1014.2,1014.56 1 1
github.com/pulumi/pulumi-docker/provider/v4/internal/image.go:1014.56,1016.3 1 1
github.com/pulumi/pulumi-docker/provider/v4/internal/image.go:1017.2,1017.28 1 1
github.com/pulumi/pulumi-docker/provider/v4/internal/image.go:1017.28,1019.3 1 1
github.com/pulumi/pulumi-docker/provider/v4/internal/image.go:1020.2,1020.28 1 1
github.com/pulumi/pulumi-docker/provider/v4/internal/image.go:1020.28,1022.3 1 0
github.com/pulumi/pulumi-docker/provider/v4/internal/image.go:1023.2,1023.52 1 1
github.com/pulumi/pulumi-docker/provider/v4/internal/image.go:1023.52,1025.3 1 1
github.com/pulumi/pulumi-docker/provider/v4/internal/image.go:1026.2,1026.44 1 1
github.com/pulumi/pulumi-docker/provider/v4/internal/image.go:1026.44,1028.3 1 0
github.com/pulumi/pulumi-docker/provider/v4/internal/image.go:1029.2,1029.46 1 1
github.com/pulumi/pulumi-docker/provider/v4/internal/image.go:1029.46,1031.3 1 1
github.com/pulumi/pulumi-docker/provider/v4/internal/image.go:1032.2,1032.50 1 1
github.com/pulumi/pulumi-docker/provider/v4/internal/image.go:1032.50,1034.3 1 1
github.com/pulumi/pulumi-docker/provider/v4/internal/image.go:1038.2,1038.68 1 1
github.com/pulumi/pulumi-docker/provider/v4/internal/image.go:1038.68,1040.3 1 0
github.com/pulumi/pulumi-docker/provider/v4/internal/image.go:1043.2,1048.16 2 1
github.com/pulumi/pulumi-docker/provider/v4/internal/image.go:1048.16,1050.3 1 0
github.com/pulumi/pulumi-docker/provider/v4/internal/image.go:1051.2,1051.30 1 1
github.com/pulumi/pulumi-docker/provider/v4/internal/image.go:1051.30,1053.3 1 1
github.com/pulumi/pulumi-docker/provider/v4/internal/image.go:1056.2,1056.50 1 1
github.com/pulumi/pulumi-docker/provider/v4/internal/image.go:1056.50,1058.3 1 1
github.com/pulumi/pulumi-docker/provider/v4/internal/image.go:1058.8,1059.42 1 1
github.com/pulumi/pulumi-docker/provider/v4/internal/image.go:1059.42,1061.74 2 1
github.com/pulumi/pulumi-docker/provider/v4/internal/image.go:1061.74,1062.13 1 1
github.com/pulumi/pulumi-docker/provider/v4/internal/image.go:1064.4,1065.9 2 1
github.com/pulumi/pulumi-docker/provider/v4/internal/image.go:1069.2,1073.8 1 1
github.com/pulumi/pulumi-docker/provider/v4/internal/image.go:1076.41,1078.16 2 1
github.com/pulumi/pulumi-docker/provider/v4/internal/image.go:1078.16,1080.3 1 0
github.com/pulumi/pulumi-docker/provider/v4/internal/image.go:1081.2,1082.16 2 1
github.com/pulumi/pulumi-docker/provider/v4/internal/image.go:1082.16,1084.3 1 1
github.com/pulumi/pulumi-docker/provider/v4/internal/image.go:1085.2,1085.12 1 1
github.com/pulumi/pulumi-docker/provider/v4/internal/image.go:1091.51,1093.16 2 1
github.com/pulumi/pulumi-docker/provider/v4/internal/image.go:1093.16,1095.3 1 0
github.com/pulumi/pulumi-docker/provider/v4/internal/image.go:1096.2,1097.48 2 1
github.com/pulumi/pulumi-docker/provider/v4/internal/image.go:1097.48,1099.3 1 1
github.com/pulumi/pulumi-docker/provider/v4/internal/image.go:1101.2,1104.16 2 1
github.com/pulumi/pulumi-docker/provider/v4/internal/image.go:1104.16,1106.3 1 0
github.com/pulumi/pulumi-docker/provider/v4/internal/image.go:1108.2,1108.28 1 1
github.com/pulumi/pulumi-docker/provider/v4/internal/images.go:40.46,50.2 1 1
github.com/pulumi/pulumi-docker/provider/v4/internal/images.go:52.50,71.2 4 1
github.com/pulumi/pulumi-docker/provider/v4/internal/images.go:78.32,81.2 2 1
github.com/pulumi/pulumi-docker/provider/v4/internal/images.go:89.24,93.16 3 1
github.com/pulumi/pulumi-docker/provider/v4/internal/images.go:93.16,95.3 1 0
github.com/pulumi/pulumi-docker/provider/v4/internal/images.go:97.2,97.13 1 1
github.com/pulumi/pulumi-docker/provider/v4/internal/images.go:97.13,99.3 1 1
github.com/pulumi/pulumi-docker/provider/v4/internal/images.go:103.2,104.16 2 1
github.com/pulumi/pulumi-docker/provider/v4/internal/images.go:104.16,106.3 1 0
github.com/pulumi/pulumi-docker/provider/v4/internal/images.go:108.2,109.19 2 1
github.com/pulumi/pulumi-docker/provider/v4/internal/images.go:117.44,122.16 4 1
github.com/pulumi/pulumi-docker/provider/v4/internal/images.go:122.16,124.3 1 0
github.com/pulumi/pulumi-docker/provider/v4/internal/images.go:132.2,133.84 2 1
github.com/pulumi/pulumi-docker/provider/v4/internal/images.go:133.84,136.3 1 0
github.com/pulumi/pulumi-docker/provider/v4/internal/images.go:137.2,137.85 1 1
github.com/pulumi/pulumi-docker/provider/v4/internal/images.go:137.85,140.3 1 0
github.com/pulumi/pulumi-docker/provider/v4/internal/images.go:141.2,141.16 1 1
github.com/pulumi/pulumi-docker/provider/v4/internal/images.go:141.16,143.3 1 0
github.com/pulumi/pulumi-docker/provider/v4/internal/images.go:145.2,145.49 1 1
github.com/pulumi/pulumi-docker/provider/v4/internal/images.go:145.49,147.3 1 1
github.com/pulumi/pulumi-docker/provider/v4/internal/images.go:149.2,149.32 1 1
github.com/pulumi/pulumi-docker/provider/v4/internal/images.go:157.48,159.16 2 1
github.com/pulumi/pulumi-docker/provider/v4/internal/images.go:159.16,161.3 1 0
github.com/pulumi/pulumi-docker/provider/v4/internal/images.go:176.2,176.74 1 1
github.com/pulumi/pulumi-docker/provider/v4/internal/images.go:176.74,184.3 1 0
github.com/pulumi/pulumi-docker/provider/v4/internal/images.go:186.2,186.35 1 1
github.com/pulumi/pulumi-docker/provider/v4/internal/images.go:186.35,187.61 1 1
github.com/pulumi/pulumi-docker/provider/v4/internal/images.go:187.61,195.4 1 0
github.com/pulumi/pulumi-docker/provider/v4/internal/images.go:198.2,198.28 1 1
github.com/pulumi/pulumi-docker/provider/v4/internal/images.go:201.82,203.16 2 1
github.com/pulumi/pulumi-docker/provider/v4/internal/images.go:203.16,205.3 1 0
github.com/pulumi/pulumi-docker/provider/v4/internal/images.go:206.2,208.70 2 1
github.com/pulumi/pulumi-docker/provider/v4/internal/images.go:208.70,210.3 1 0
github.com/pulumi/pulumi-docker/provider/v4/internal/images.go:211.2,211.12 1 1
github.com/pulumi/pulumi-docker/provider/v4/internal/images.go:219.34,223.26 3 0
github.com/pulumi/pulumi-docker/provider/v4/internal/images.go:223.26,225.3 1 0
github.com/pulumi/pulumi-docker/provider/v4/internal/images.go:226.2,226.52 1 0
github.com/pulumi/pulumi-docker/provider/v4/internal/images.go:226.52,228.3 1 0
github.com/pulumi/pulumi-docker/provider/v4/internal/images.go:229.2,229.52 1 0
github.com/pulumi/pulumi-docker/provider/v4/internal/images.go:229.52,231.3 1 0
github.com/pulumi/pulumi-docker/provider/v4/internal/images.go:232.2,232.54 1 0
github.com/pulumi/pulumi-docker/provider/v4/internal/images.go:232.54,234.3 1 0
github.com/pulumi/pulumi-docker/provider/v4/internal/images.go:237.2,241.8 1 0
github.com/pulumi/pulumi-docker/provider/v4/internal/images.go:248.19,251.55 2 1
github.com/pulumi/pulumi-docker/provider/v4/internal/images.go:251.55,253.3 1 0
github.com/pulumi/pulumi-docker/provider/v4/internal/images.go:255.2,259.33 4 1
github.com/pulumi/pulumi-docker/provider/v4/internal/network.go:15.60,30.2 1 1
github.com/pulumi/pulumi-docker/provider/v4/internal/platform.go:26.54,57.2 1 1
github.com/pulumi/pulumi-docker/provider/v4/internal/platform.go:59.35,61.2 1 1
github.com/pulumi/pulumi-docker/provider/v4/internal/preview.go:14.49,16.26 2 1
github.com/pulumi/pulumi-docker/provider/v4/internal/preview.go:16.26,17.17 1 1
github.com/pulumi/pulumi-docker/provider/v4/internal/preview.go:17.17,18.12 1 1
github.com/pulumi/pulumi-docker/provider/v4/internal/preview.go:20.3,20.29 1 1
github.com/pulumi/pulumi-docker/provider/v4/internal/preview.go:22.2,22.15 1 1
github.com/pulumi/pulumi-docker/provider/v4/internal/preview.go:28.43,29.16 1 1
github.com/pulumi/pulumi-docker/provider/v4/internal/preview.go:29.16,31.3 1 1
github.com/pulumi/pulumi-docker/provider/v4/internal/preview.go:32.2,32.16 1 1
github.com/pulumi/pulumi-docker/provider/v4/internal/preview.go:39.43,40.16 1 1
github.com/pulumi/pulumi-docker/provider/v4/internal/preview.go:40.16,42.3 1 1
github.com/pulumi/pulumi-docker/provider/v4/internal/preview.go:43.2,43.41 1 1
github.com/pulumi/pulumi-docker/provider/v4/internal/preview.go:52.51,53.16 1 1
github.com/pulumi/pulumi-docker/provider/v4/internal/preview.go:53.16,55.3 1 1
github.com/pulumi/pulumi-docker/provider/v4/internal/preview.go:56.2,56.44 1 1
github.com/pulumi/pulumi-docker/provider/v4/internal/preview.go:62.64,63.31 1 1
github.com/pulumi/pulumi-docker/provider/v4/internal/preview.go:63.31,65.3 1 1
github.com/pulumi/pulumi-docker/provider/v4/internal/preview.go:66.2,68.26 3 1
github.com/pulumi/pulumi-docker/provider/v4/internal/preview.go:68.26,69.20 1 1
github.com/pulumi/pulumi-docker/provider/v4/internal/preview.go:69.20,70.12 1 1
github.com/pulumi/pulumi-docker/provider/v4/internal/preview.go:72.3,72.20 1 1
github.com/pulumi/pulumi-docker/provider/v4/internal/preview.go:72.20,73.12 1 0
github.com/pulumi/pulumi-docker/provider/v4/internal/preview.go:75.3,75.22 1 1
github.com/pulumi/pulumi-docker/provider/v4/internal/preview.go:77.2,77.17 1 1
github.com/pulumi/pulumi-docker/provider/v4/internal/preview.go:82.59,83.38 1 1
github.com/pulumi/pulumi-docker/provider/v4/internal/preview.go:83.38,85.3 1 1
github.com/pulumi/pulumi-docker/provider/v4/internal/preview.go:87.2,89.29 3 0
github.com/pulumi/pulumi-docker/provider/v4/internal/preview.go:89.29,90.42 1 0
github.com/pulumi/pulumi-docker/provider/v4/internal/preview.go:90.42,91.12 1 0
github.com/pulumi/pulumi-docker/provider/v4/internal/preview.go:93.3,93.15 1 0
github.com/pulumi/pulumi-docker/provider/v4/internal/preview.go:96.2,99.3 1 0
github.com/pulumi/pulumi-docker/provider/v4/internal/ssh.go:14.43,31.2 2 1
github.com/pulumi/pulumi-docker/provider/v4/internal/ssh.go:33.30,34.16 1 1
github.com/pulumi/pulumi-docker/provider/v4/internal/ssh.go:34.16,36.3 1 0
github.com/pulumi/pulumi-docker/provider/v4/internal/ssh.go:38.2,40.22 2 1
github.com/pulumi/pulumi-docker/provider/v4/internal/ssh.go:40.22,42.3 1 0
github.com/pulumi/pulumi-docker/provider/v4/internal/ssh.go:44.2,44.10 1 1
